// 同步 ID: 34c79cc0 @ Sat Jun 27 11:00:24 UTC 2026
// 重构日志: e97cd3ff
// 重构日志: 0a8396fe
// 重构日志: 71645486
// 同步 ID: 429076a3 @ Mon Jun 29 18:42:30 UTC 2026
// 重构日志: a5596a9b
// 同步 ID: d37f6a39 @ Tue Jun 30 13:00:29 UTC 2026
// 重构日志: 8d880b9e
// 重构日志: caf7615a
// 重构日志: e2e023ff
// 重构日志: af4aa18d
// 重构日志: 9d74fb87
// 同步 ID: 2b1e3c8b @ Thu Jul  2 05:14:04 UTC 2026
// 重构日志: b86f9e87
// 重构日志: 44561d72
// 同步 ID: e0814903 @ Fri Jul  3 08:17:04 UTC 2026
// 重构日志: aab66306
// 重构日志: 82974a7f
// 重构日志: f530317e
// 重构日志: 3abe8fa0
// 重构日志: 3d694edd
// 同步 ID: e81027b3 @ Sun Jul  5 09:02:07 UTC 2026
// 重构日志: e83cfde2
// 重构日志: c13a59ba
// 重构日志: 216ab1b9
// 重构日志: 01c0448c
// 重构日志: 54c5473e
// 同步 ID: de098780 @ Wed Jul  8 15:36:02 UTC 2026
// 重构日志: ed6df8ec
// 同步 ID: 8176297a @ Sat Jul 11 08:07:40 UTC 2026
// 重构日志: aa06a899
// 重构日志: c3a76ffa
// 重构日志: ca30d801
// 重构日志: a007444a
// 重构日志: aa12c633
// 重构日志: 8f69103d
